<?xml version="1.0" encoding="UTF-8"?>
<testsuite xmlns:xsi="http://www.w3.org/2001/XMLSchema-instance" xsi:noNamespaceSchemaLocation="https://maven.apache.org/surefire/maven-surefire-plugin/xsd/surefire-test-report-3.0.xsd" version="3.0" name="com.cobolmodernization.integration.ProductServiceIntegrationTest" time="0.065" tests="8" errors="0" skipped="0" failures="0">
  <properties>
[...]
</properties>
  <testcase name="testFindByCode" classname="com.cobolmodernization.integration.ProductServiceIntegrationTest" time="0.008">
    <system-out><![CDATA[2026-01-15T20:06:56.625Z  INFO 11896 --- [cobol-modernization] [           main] t.c.s.AnnotationConfigContextLoaderUtils : Could not detect default configuration classes for test class [com.cobolmodernization.integration.ProductServiceIntegrationTest]: ProductServiceIntegrationTest does not declare any static, non-private, non-final, nested classes annotated with @Configuration.
2026-01-15T20:06:56.626Z  INFO 11896 --- [cobol-modernization] [           main] .b.t.c.SpringBootTestContextBootstrapper : Found @SpringBootConfiguration com.cobolmodernization.CobolModernizationApplication for test class com.cobolmodernization.integration.ProductServiceIntegrationTest
2026-01-15T20:06:56.631Z  INFO 11896 --- [cobol-modernization] [           main] c.c.service.ProductService               : Creating product with code: 00002
Hibernate: select p1_0.code from products p1_0 where p1_0.code=? fetch first ? rows only
Hibernate: select p1_0.code,p1_0.name,p1_0.price,p1_0.stock from products p1_0 where p1_0.code=?
2026-01-15T20:06:56.633Z  INFO 11896 --- [cobol-modernization] [           main] c.c.service.ProductService               : Product successfully registered: 00002
2026-01-15T20:06:56.633Z  INFO 11896 --- [cobol-modernization] [           main] c.c.service.ProductService               : Searching for product with code: 00002
Hibernate: insert into products (name,price,stock,code) values (?,?,?,?)
Hibernate: select p1_0.code,p1_0.name,p1_0.price,p1_0.stock from products p1_0 where p1_0.code=?
]]></system-out>
  </testcase>
  <testcase name="testCreateProduct" classname="com.cobolmodernization.integration.ProductServiceIntegrationTest" time="0.006">
    <system-out><![CDATA[2026-01-15T20:06:56.641Z  INFO 11896 --- [cobol-modernization] [           main] c.c.service.ProductService               : Creating product with code: 00001
Hibernate: select p1_0.code from products p1_0 where p1_0.code=? fetch first ? rows only
Hibernate: select p1_0.code,p1_0.name,p1_0.price,p1_0.stock from products p1_0 where p1_0.code=?
2026-01-15T20:06:56.643Z  INFO 11896 --- [cobol-modernization] [           main] c.c.service.ProductService               : Product successfully registered: 00001
]]></system-out>
  </testcase>
  <testcase name="testUpdateProduct" classname="com.cobolmodernization.integration.ProductServiceIntegrationTest" time="0.007">
    <system-out><![CDATA[2026-01-15T20:06:56.647Z  INFO 11896 --- [cobol-modernization] [           main] c.c.service.ProductService               : Creating product with code: 00001
Hibernate: select p1_0.code from products p1_0 where p1_0.code=? fetch first ? rows only
Hibernate: select p1_0.code,p1_0.name,p1_0.price,p1_0.stock from products p1_0 where p1_0.code=?
2026-01-15T20:06:56.648Z  INFO 11896 --- [cobol-modernization] [           main] c.c.service.ProductService               : Product successfully registered: 00001
2026-01-15T20:06:56.648Z  INFO 11896 --- [cobol-modernization] [           main] c.c.service.ProductService               : Updating product with code: 00001
Hibernate: insert into products (name,price,stock,code) values (?,?,?,?)
Hibernate: select p1_0.code,p1_0.name,p1_0.price,p1_0.stock from products p1_0 where p1_0.code=?
2026-01-15T20:06:56.650Z  INFO 11896 --- [cobol-modernization] [           main] c.c.service.ProductService               : Product updated: 00001
]]></system-out>
  </testcase>
  <testcase name="testDuplicateKeyDetection" classname="com.cobolmodernization.integration.ProductServiceIntegrationTest" time="0.005">
    <system-out><![CDATA[2026-01-15T20:06:56.653Z  INFO 11896 --- [cobol-modernization] [           main] c.c.service.ProductService               : Creating product with code: 00001
Hibernate: select p1_0.code from products p1_0 where p1_0.code=? fetch first ? rows only
Hibernate: select p1_0.code,p1_0.name,p1_0.price,p1_0.stock from products p1_0 where p1_0.code=?
2026-01-15T20:06:56.655Z  INFO 11896 --- [cobol-modernization] [           main] c.c.service.ProductService               : Product successfully registered: 00001
2026-01-15T20:06:56.655Z  INFO 11896 --- [cobol-modernization] [           main] c.c.service.ProductService               : Creating product with code: 00001
Hibernate: insert into products (name,price,stock,code) values (?,?,?,?)
Hibernate: select p1_0.code from products p1_0 where p1_0.code=? fetch first ? rows only
2026-01-15T20:06:56.656Z  WARN 11896 --- [cobol-modernization] [           main] c.c.service.ProductService               : Duplicate product code: 00001
]]></system-out>
  </testcase>
  <testcase name="testInitializeProducts" classname="com.cobolmodernization.integration.ProductServiceIntegrationTest" time="0.013">
    <system-out><![CDATA[2026-01-15T20:06:56.659Z  INFO 11896 --- [cobol-modernization] [           main] c.c.service.ProductService               : Initializing products with predefined data
Hibernate: select p1_0.code from products p1_0 where p1_0.code=? fetch first ? rows only
2026-01-15T20:06:56.660Z  INFO 11896 --- [cobol-modernization] [           main] c.c.service.ProductService               : Creating product with code: 00001
Hibernate: select p1_0.code from products p1_0 where p1_0.code=? fetch first ? rows only
Hibernate: select p1_0.code,p1_0.name,p1_0.price,p1_0.stock from products p1_0 where p1_0.code=?
2026-01-15T20:06:56.661Z  INFO 11896 --- [cobol-modernization] [           main] c.c.service.ProductService               : Product successfully registered: 00001
Hibernate: insert into products (name,price,stock,code) values (?,?,?,?)
Hibernate: select p1_0.code from products p1_0 where p1_0.code=? fetch first ? rows only
2026-01-15T20:06:56.662Z  INFO 11896 --- [cobol-modernization] [           main] c.c.service.ProductService               : Creating product with code: 00002
Hibernate: select p1_0.code from products p1_0 where p1_0.code=? fetch first ? rows only
Hibernate: select p1_0.code,p1_0.name,p1_0.price,p1_0.stock from products p1_0 where p1_0.code=?
2026-01-15T20:06:56.663Z  INFO 11896 --- [cobol-modernization] [           main] c.c.service.ProductService               : Product successfully registered: 00002
Hibernate: insert into products (name,price,stock,code) values (?,?,?,?)
Hibernate: select p1_0.code from products p1_0 where p1_0.code=? fetch first ? rows only
2026-01-15T20:06:56.664Z  INFO 11896 --- [cobol-modernization] [           main] c.c.service.ProductService               : Creating product with code: 00003
Hibernate: select p1_0.code from products p1_0 where p1_0.code=? fetch first ? rows only
Hibernate: select p1_0.code,p1_0.name,p1_0.price,p1_0.stock from products p1_0 where p1_0.code=?
2026-01-15T20:06:56.666Z  INFO 11896 --- [cobol-modernization] [           main] c.c.service.ProductService               : Product successfully registered: 00003
2026-01-15T20:06:56.666Z  INFO 11896 --- [cobol-modernization] [           main] c.c.service.ProductService               : Product initialization complete
2026-01-15T20:06:56.666Z  INFO 11896 --- [cobol-modernization] [           main] c.c.service.ProductService               : Retrieving all products
Hibernate: insert into products (name,price,stock,code) values (?,?,?,?)
Hibernate: select p1_0.code,p1_0.name,p1_0.price,p1_0.stock from products p1_0
Hibernate: select p1_0.code from products p1_0 where p1_0.code=? fetch first ? rows only
Hibernate: select p1_0.code from products p1_0 where p1_0.code=? fetch first ? rows only
Hibernate: select p1_0.code from products p1_0 where p1_0.code=? fetch first ? rows only
]]></system-out>
  </testcase>
  <testcase name="testDeleteProduct" classname="com.cobolmodernization.integration.ProductServiceIntegrationTest" time="0.007">
    <system-out><![CDATA[2026-01-15T20:06:56.672Z  INFO 11896 --- [cobol-modernization] [           main] c.c.service.ProductService               : Creating product with code: 00001
Hibernate: select p1_0.code from products p1_0 where p1_0.code=? fetch first ? rows only
Hibernate: select p1_0.code,p1_0.name,p1_0.price,p1_0.stock from products p1_0 where p1_0.code=?
2026-01-15T20:06:56.674Z  INFO 11896 --- [cobol-modernization] [           main] c.c.service.ProductService               : Product successfully registered: 00001
Hibernate: insert into products (name,price,stock,code) values (?,?,?,?)
Hibernate: select p1_0.code from products p1_0 where p1_0.code=? fetch first ? rows only
2026-01-15T20:06:56.675Z  INFO 11896 --- [cobol-modernization] [           main] c.c.service.ProductService               : Deleting product with code: 00001
Hibernate: select p1_0.code from products p1_0 where p1_0.code=? fetch first ? rows only
2026-01-15T20:06:56.676Z  INFO 11896 --- [cobol-modernization] [           main] c.c.service.ProductService               : Product deleted: 00001
Hibernate: delete from products where code=?
Hibernate: select p1_0.code from products p1_0 where p1_0.code=? fetch first ? rows only
]]></system-out>
  </testcase>
  <testcase name="testProductNotFound" classname="com.cobolmodernization.integration.ProductServiceIntegrationTest" time="0.004">
    <system-out><![CDATA[2026-01-15T20:06:56.683Z  INFO 11896 --- [cobol-modernization] [           main] c.c.service.ProductService               : Searching for product with code: 99999
Hibernate: select p1_0.code,p1_0.name,p1_0.price,p1_0.stock from products p1_0 where p1_0.code=?
2026-01-15T20:06:56.684Z  WARN 11896 --- [cobol-modernization] [           main] c.c.service.ProductService               : Product not found: 99999
]]></system-out>
  </testcase>
  <testcase name="testFieldSizeConstraints" classname="com.cobolmodernization.integration.ProductServiceIntegrationTest" time="0.003">
    <system-out><![CDATA[2026-01-15T20:06:56.686Z  INFO 11896 --- [cobol-modernization] [           main] c.c.service.ProductService               : Creating product with code: 12345
Hibernate: select p1_0.code from products p1_0 where p1_0.code=? fetch first ? rows only
Hibernate: select p1_0.code,p1_0.name,p1_0.price,p1_0.stock from products p1_0 where p1_0.code=?
2026-01-15T20:06:56.687Z  INFO 11896 --- [cobol-modernization] [           main] c.c.service.ProductService               : Product successfully registered: 12345
]]></system-out>
  </testcase>
</testsuite>