<?xml version="1.0" encoding="UTF-8"?>
<testsuite xmlns:xsi="http://www.w3.org/2001/XMLSchema-instance" xsi:noNamespaceSchemaLocation="https://maven.apache.org/surefire/maven-surefire-plugin/xsd/surefire-test-report-3.0.xsd" version="3.0" name="com.cobolmodernization.integration.CustomerServiceIntegrationTest" time="0.09" tests="9" errors="0" skipped="0" failures="0">
  <properties>
[...]
</properties>
  <testcase name="testSearchCustomerById" classname="com.cobolmodernization.integration.CustomerServiceIntegrationTest" time="0.013">
    <system-out><![CDATA[2026-01-15T20:06:56.534Z  INFO 11896 --- [cobol-modernization] [           main] t.c.s.AnnotationConfigContextLoaderUtils : Could not detect default configuration classes for test class [com.cobolmodernization.integration.CustomerServiceIntegrationTest]: CustomerServiceIntegrationTest does not declare any static, non-private, non-final, nested classes annotated with @Configuration.
2026-01-15T20:06:56.535Z  INFO 11896 --- [cobol-modernization] [           main] .b.t.c.SpringBootTestContextBootstrapper : Found @SpringBootConfiguration com.cobolmodernization.CobolModernizationApplication for test class com.cobolmodernization.integration.CustomerServiceIntegrationTest
2026-01-15T20:06:56.539Z  INFO 11896 --- [cobol-modernization] [           main] c.c.service.CustomerService              : Adding customer with ID: CUST002
Hibernate: select c1_0.customer_id from customers c1_0 where c1_0.customer_id=? fetch first ? rows only
Hibernate: select c1_0.customer_id,c1_0.name,c1_0.phone from customers c1_0 where c1_0.customer_id=?
2026-01-15T20:06:56.542Z  INFO 11896 --- [cobol-modernization] [           main] c.c.service.CustomerService              : Customer successfully added: CUST002
2026-01-15T20:06:56.542Z  INFO 11896 --- [cobol-modernization] [           main] c.c.service.CustomerService              : Searching for customer with ID: CUST002
Hibernate: insert into customers (name,phone,customer_id) values (?,?,?)
Hibernate: select c1_0.customer_id,c1_0.name,c1_0.phone from customers c1_0 where c1_0.customer_id=?
2026-01-15T20:06:56.549Z  INFO 11896 --- [cobol-modernization] [           main] c.c.service.CustomerService              : Customer found: Jane Smith - 555-9876
]]></system-out>
  </testcase>
  <testcase name="testAddCustomer" classname="com.cobolmodernization.integration.CustomerServiceIntegrationTest" time="0.004">
    <system-out><![CDATA[2026-01-15T20:06:56.552Z  INFO 11896 --- [cobol-modernization] [           main] c.c.service.CustomerService              : Adding customer with ID: CUST001
Hibernate: select c1_0.customer_id from customers c1_0 where c1_0.customer_id=? fetch first ? rows only
Hibernate: select c1_0.customer_id,c1_0.name,c1_0.phone from customers c1_0 where c1_0.customer_id=?
2026-01-15T20:06:56.554Z  INFO 11896 --- [cobol-modernization] [           main] c.c.service.CustomerService              : Customer successfully added: CUST001
]]></system-out>
  </testcase>
  <testcase name="testGetAllCustomers" classname="com.cobolmodernization.integration.CustomerServiceIntegrationTest" time="0.008">
    <system-out><![CDATA[2026-01-15T20:06:56.557Z  INFO 11896 --- [cobol-modernization] [           main] c.c.service.CustomerService              : Adding customer with ID: CUST001
Hibernate: select c1_0.customer_id from customers c1_0 where c1_0.customer_id=? fetch first ? rows only
Hibernate: select c1_0.customer_id,c1_0.name,c1_0.phone from customers c1_0 where c1_0.customer_id=?
2026-01-15T20:06:56.558Z  INFO 11896 --- [cobol-modernization] [           main] c.c.service.CustomerService              : Customer successfully added: CUST001
2026-01-15T20:06:56.558Z  INFO 11896 --- [cobol-modernization] [           main] c.c.service.CustomerService              : Adding customer with ID: CUST002
Hibernate: insert into customers (name,phone,customer_id) values (?,?,?)
Hibernate: select c1_0.customer_id from customers c1_0 where c1_0.customer_id=? fetch first ? rows only
Hibernate: select c1_0.customer_id,c1_0.name,c1_0.phone from customers c1_0 where c1_0.customer_id=?
2026-01-15T20:06:56.560Z  INFO 11896 --- [cobol-modernization] [           main] c.c.service.CustomerService              : Customer successfully added: CUST002
2026-01-15T20:06:56.560Z  INFO 11896 --- [cobol-modernization] [           main] c.c.service.CustomerService              : Retrieving all customers
Hibernate: insert into customers (name,phone,customer_id) values (?,?,?)
Hibernate: select c1_0.customer_id,c1_0.name,c1_0.phone from customers c1_0
]]></system-out>
  </testcase>
  <testcase name="testDuplicateKeyDetection" classname="com.cobolmodernization.integration.CustomerServiceIntegrationTest" time="0.007">
    <system-out><![CDATA[2026-01-15T20:06:56.566Z  INFO 11896 --- [cobol-modernization] [           main] c.c.service.CustomerService              : Adding customer with ID: CUST001
Hibernate: select c1_0.customer_id from customers c1_0 where c1_0.customer_id=? fetch first ? rows only
Hibernate: select c1_0.customer_id,c1_0.name,c1_0.phone from customers c1_0 where c1_0.customer_id=?
2026-01-15T20:06:56.569Z  INFO 11896 --- [cobol-modernization] [           main] c.c.service.CustomerService              : Customer successfully added: CUST001
2026-01-15T20:06:56.569Z  INFO 11896 --- [cobol-modernization] [           main] c.c.service.CustomerService              : Adding customer with ID: CUST001
Hibernate: insert into customers (name,phone,customer_id) values (?,?,?)
Hibernate: select c1_0.customer_id from customers c1_0 where c1_0.customer_id=? fetch first ? rows only
2026-01-15T20:06:56.571Z  WARN 11896 --- [cobol-modernization] [           main] c.c.service.CustomerService              : Duplicate customer key: CUST001
]]></system-out>
  </testcase>
  <testcase name="testUpdateCustomer" classname="com.cobolmodernization.integration.CustomerServiceIntegrationTest" time="0.005">
    <system-out><![CDATA[2026-01-15T20:06:56.574Z  INFO 11896 --- [cobol-modernization] [           main] c.c.service.CustomerService              : Adding customer with ID: CUST001
Hibernate: select c1_0.customer_id from customers c1_0 where c1_0.customer_id=? fetch first ? rows only
Hibernate: select c1_0.customer_id,c1_0.name,c1_0.phone from customers c1_0 where c1_0.customer_id=?
2026-01-15T20:06:56.575Z  INFO 11896 --- [cobol-modernization] [           main] c.c.service.CustomerService              : Customer successfully added: CUST001
2026-01-15T20:06:56.575Z  INFO 11896 --- [cobol-modernization] [           main] c.c.service.CustomerService              : Updating customer with ID: CUST001
Hibernate: insert into customers (name,phone,customer_id) values (?,?,?)
Hibernate: select c1_0.customer_id,c1_0.name,c1_0.phone from customers c1_0 where c1_0.customer_id=?
2026-01-15T20:06:56.577Z  INFO 11896 --- [cobol-modernization] [           main] c.c.service.CustomerService              : Customer updated: CUST001
]]></system-out>
  </testcase>
  <testcase name="testCustomerNotFound" classname="com.cobolmodernization.integration.CustomerServiceIntegrationTest" time="0.003">
    <system-out><![CDATA[2026-01-15T20:06:56.580Z  INFO 11896 --- [cobol-modernization] [           main] c.c.service.CustomerService              : Searching for customer with ID: NOTEXIST
Hibernate: select c1_0.customer_id,c1_0.name,c1_0.phone from customers c1_0 where c1_0.customer_id=?
2026-01-15T20:06:56.581Z  WARN 11896 --- [cobol-modernization] [           main] c.c.service.CustomerService              : Customer not found: NOTEXIST
]]></system-out>
  </testcase>
  <testcase name="testSearchByName" classname="com.cobolmodernization.integration.CustomerServiceIntegrationTest" time="0.019">
    <system-out><![CDATA[2026-01-15T20:06:56.584Z  INFO 11896 --- [cobol-modernization] [           main] c.c.service.CustomerService              : Adding customer with ID: CUST001
Hibernate: select c1_0.customer_id from customers c1_0 where c1_0.customer_id=? fetch first ? rows only
Hibernate: select c1_0.customer_id,c1_0.name,c1_0.phone from customers c1_0 where c1_0.customer_id=?
2026-01-15T20:06:56.585Z  INFO 11896 --- [cobol-modernization] [           main] c.c.service.CustomerService              : Customer successfully added: CUST001
2026-01-15T20:06:56.585Z  INFO 11896 --- [cobol-modernization] [           main] c.c.service.CustomerService              : Adding customer with ID: CUST002
Hibernate: insert into customers (name,phone,customer_id) values (?,?,?)
Hibernate: select c1_0.customer_id from customers c1_0 where c1_0.customer_id=? fetch first ? rows only
Hibernate: select c1_0.customer_id,c1_0.name,c1_0.phone from customers c1_0 where c1_0.customer_id=?
2026-01-15T20:06:56.587Z  INFO 11896 --- [cobol-modernization] [           main] c.c.service.CustomerService              : Customer successfully added: CUST002
2026-01-15T20:06:56.587Z  INFO 11896 --- [cobol-modernization] [           main] c.c.service.CustomerService              : Adding customer with ID: CUST003
Hibernate: insert into customers (name,phone,customer_id) values (?,?,?)
Hibernate: select c1_0.customer_id from customers c1_0 where c1_0.customer_id=? fetch first ? rows only
Hibernate: select c1_0.customer_id,c1_0.name,c1_0.phone from customers c1_0 where c1_0.customer_id=?
2026-01-15T20:06:56.588Z  INFO 11896 --- [cobol-modernization] [           main] c.c.service.CustomerService              : Customer successfully added: CUST003
2026-01-15T20:06:56.588Z  INFO 11896 --- [cobol-modernization] [           main] c.c.service.CustomerService              : Searching customers by name: Doe
Hibernate: insert into customers (name,phone,customer_id) values (?,?,?)
Hibernate: select c1_0.customer_id,c1_0.name,c1_0.phone from customers c1_0 where upper(c1_0.name) like upper(?) escape '\'
2026-01-15T20:06:56.595Z  INFO 11896 --- [cobol-modernization] [           main] c.c.service.CustomerService              : Searching customers by name: Smith
Hibernate: select c1_0.customer_id,c1_0.name,c1_0.phone from customers c1_0 where upper(c1_0.name) like upper(?) escape '\'
]]></system-out>
  </testcase>
  <testcase name="testDeleteCustomer" classname="com.cobolmodernization.integration.CustomerServiceIntegrationTest" time="0.016">
    <system-out><![CDATA[2026-01-15T20:06:56.604Z  INFO 11896 --- [cobol-modernization] [           main] c.c.service.CustomerService              : Adding customer with ID: CUST001
Hibernate: select c1_0.customer_id from customers c1_0 where c1_0.customer_id=? fetch first ? rows only
Hibernate: select c1_0.customer_id,c1_0.name,c1_0.phone from customers c1_0 where c1_0.customer_id=?
2026-01-15T20:06:56.606Z  INFO 11896 --- [cobol-modernization] [           main] c.c.service.CustomerService              : Customer successfully added: CUST001
Hibernate: insert into customers (name,phone,customer_id) values (?,?,?)
Hibernate: select c1_0.customer_id from customers c1_0 where c1_0.customer_id=? fetch first ? rows only
2026-01-15T20:06:56.608Z  INFO 11896 --- [cobol-modernization] [           main] c.c.service.CustomerService              : Deleting customer with ID: CUST001
Hibernate: select c1_0.customer_id from customers c1_0 where c1_0.customer_id=? fetch first ? rows only
2026-01-15T20:06:56.612Z  INFO 11896 --- [cobol-modernization] [           main] c.c.service.CustomerService              : Customer deleted: CUST001
Hibernate: delete from customers where customer_id=?
Hibernate: select c1_0.customer_id from customers c1_0 where c1_0.customer_id=? fetch first ? rows only
]]></system-out>
  </testcase>
  <testcase name="testFieldSizeConstraints" classname="com.cobolmodernization.integration.CustomerServiceIntegrationTest" time="0.003">
    <system-out><![CDATA[2026-01-15T20:06:56.621Z  INFO 11896 --- [cobol-modernization] [           main] c.c.service.CustomerService              : Adding customer with ID: 1234567890
Hibernate: select c1_0.customer_id from customers c1_0 where c1_0.customer_id=? fetch first ? rows only
Hibernate: select c1_0.customer_id,c1_0.name,c1_0.phone from customers c1_0 where c1_0.customer_id=?
2026-01-15T20:06:56.622Z  INFO 11896 --- [cobol-modernization] [           main] c.c.service.CustomerService              : Customer successfully added: 1234567890
]]></system-out>
  </testcase>
</testsuite>